<?xml version="1.0" encoding="UTF-8"?>
<!-- Generated by org.testng.reporters.JUnitReportReporter -->
<testsuite name="test_user_flow.Test_GoodRx_UI_Prices" tests="1" time="63.314" ignored="0" failures="0" timestamp="07 Jan 2019 07:34:56 GMT" skipped="0" hostname="MBP-OP-450" errors="0">
  <testcase name="verifyUserFlow" time="63.314" classname="test_user_flow.Test_GoodRx_UI_Prices"/>
</testsuite> <!-- test_user_flow.Test_GoodRx_UI_Prices -->
